file:///home/u668392243/domains/lefri.fundacionunderlife.org/public_html/.builds/config/preload-env.js:1
const fs = require('fs');
           ^

ReferenceError: require is not defined in ES module scope, you can use import instead
This file is being treated as an ES module because it has a '.js' file extension and '/home/u668392243/domains/lefri.fundacionunderlife.org/public_html/.builds/config/package.json' contains "type": "module". To treat it as a CommonJS script, rename it to use the '.cjs' file extension.
    at file:///home/u668392243/domains/lefri.fundacionunderlife.org/public_html/.builds/config/preload-env.js:1:12
    at ModuleJobSync.runSync (node:internal/modules/esm/module_job:450:37)
    at ModuleLoader.importSyncForRequire (node:internal/modules/esm/loader:429:47)
    at loadESMFromCJS (node:internal/modules/cjs/loader:1519:24)
    at Module._compile (node:internal/modules/cjs/loader:1670:5)
    at Module._extensions..js (node:internal/modules/cjs/loader:1820:10)
    at Module.load (node:internal/modules/cjs/loader:1423:32)
    at Module._load (node:internal/modules/cjs/loader:1246:12)
    at TracingChannel.traceSync (node:diagnostics_channel:322:14)
    at wrapModuleLoad (node:internal/modules/cjs/loader:235:24)

Node.js v22.18.0
file:///home/u668392243/domains/lefri.fundacionunderlife.org/public_html/.builds/config/preload-env.js:1
const fs = require('fs');
           ^

ReferenceError: require is not defined in ES module scope, you can use import instead
This file is being treated as an ES module because it has a '.js' file extension and '/home/u668392243/domains/lefri.fundacionunderlife.org/public_html/.builds/config/package.json' contains "type": "module". To treat it as a CommonJS script, rename it to use the '.cjs' file extension.
    at file:///home/u668392243/domains/lefri.fundacionunderlife.org/public_html/.builds/config/preload-env.js:1:12
    at ModuleJobSync.runSync (node:internal/modules/esm/module_job:450:37)
    at ModuleLoader.importSyncForRequire (node:internal/modules/esm/loader:429:47)
    at loadESMFromCJS (node:internal/modules/cjs/loader:1519:24)
    at Module._compile (node:internal/modules/cjs/loader:1670:5)
    at Module._extensions..js (node:internal/modules/cjs/loader:1820:10)
    at Module.load (node:internal/modules/cjs/loader:1423:32)
    at Module._load (node:internal/modules/cjs/loader:1246:12)
    at TracingChannel.traceSync (node:diagnostics_channel:322:14)
    at wrapModuleLoad (node:internal/modules/cjs/loader:235:24)

Node.js v22.18.0
file:///home/u668392243/domains/lefri.fundacionunderlife.org/public_html/.builds/config/preload-env.js:1
const fs = require('fs');
           ^

ReferenceError: require is not defined in ES module scope, you can use import instead
This file is being treated as an ES module because it has a '.js' file extension and '/home/u668392243/domains/lefri.fundacionunderlife.org/public_html/.builds/config/package.json' contains "type": "module". To treat it as a CommonJS script, rename it to use the '.cjs' file extension.
    at file:///home/u668392243/domains/lefri.fundacionunderlife.org/public_html/.builds/config/preload-env.js:1:12
    at ModuleJobSync.runSync (node:internal/modules/esm/module_job:450:37)
    at ModuleLoader.importSyncForRequire (node:internal/modules/esm/loader:429:47)
    at loadESMFromCJS (node:internal/modules/cjs/loader:1519:24)
    at Module._compile (node:internal/modules/cjs/loader:1670:5)
    at Module._extensions..js (node:internal/modules/cjs/loader:1820:10)
    at Module.load (node:internal/modules/cjs/loader:1423:32)
    at Module._load (node:internal/modules/cjs/loader:1246:12)
    at TracingChannel.traceSync (node:diagnostics_channel:322:14)
    at wrapModuleLoad (node:internal/modules/cjs/loader:235:24)

Node.js v22.18.0
node:internal/modules/cjs/loader:1368
  throw err;
  ^

Error: Cannot find module '/home/u668392243/domains/lefri.fundacionunderlife.org/public_html/dist/index.js'
Require stack:
- /usr/local/lsws/fcgi-bin/lsnode.js
    at Module._resolveFilename (node:internal/modules/cjs/loader:1365:15)
    at defaultResolveImpl (node:internal/modules/cjs/loader:1021:19)
    at resolveForCJSWithHooks (node:internal/modules/cjs/loader:1026:22)
    at Module._load (node:internal/modules/cjs/loader:1175:37)
    at TracingChannel.traceSync (node:diagnostics_channel:322:14)
    at wrapModuleLoad (node:internal/modules/cjs/loader:235:24)
    at Module.require (node:internal/modules/cjs/loader:1445:12)
    at require (node:internal/modules/helpers:135:16)
    at startApplication (/usr/local/lsws/fcgi-bin/lsnode.js:51:15)
    at Object.<anonymous> (/usr/local/lsws/fcgi-bin/lsnode.js:16:1) {
  code: 'MODULE_NOT_FOUND',
  requireStack: [ '/usr/local/lsws/fcgi-bin/lsnode.js' ]
}

Node.js v22.18.0
node:internal/modules/esm/resolve:999
    throw error;
    ^

Error [ERR_MODULE_NOT_FOUND]: Cannot find package 'express-mysql-session' imported from /home/u668392243/domains/lefri.fundacionunderlife.org/public_html/dist/index.js
    at Object.getPackageJSONURL (node:internal/modules/package_json_reader:255:9)
    at packageResolve (node:internal/modules/esm/resolve:767:81)
    at moduleResolve (node:internal/modules/esm/resolve:853:18)
    at defaultResolve (node:internal/modules/esm/resolve:983:11)
    at ModuleLoader.defaultResolve (node:internal/modules/esm/loader:783:12)
    at #cachedDefaultResolve (node:internal/modules/esm/loader:707:25)
    at #resolveAndMaybeBlockOnLoaderThread (node:internal/modules/esm/loader:742:38)
    at ModuleLoader.resolveSync (node:internal/modules/esm/loader:765:52)
    at #cachedResolveSync (node:internal/modules/esm/loader:726:25)
    at ModuleLoader.getModuleJobForRequire (node:internal/modules/esm/loader:453:50) {
  code: 'ERR_MODULE_NOT_FOUND'
}

Node.js v22.18.0
node:internal/modules/esm/resolve:999
    throw error;
    ^

Error [ERR_MODULE_NOT_FOUND]: Cannot find package '@whiskeysockets/baileys' imported from /home/u668392243/domains/lefri.fundacionunderlife.org/public_html/dist/index.js
    at Object.getPackageJSONURL (node:internal/modules/package_json_reader:255:9)
    at packageResolve (node:internal/modules/esm/resolve:767:81)
    at moduleResolve (node:internal/modules/esm/resolve:853:18)
    at defaultResolve (node:internal/modules/esm/resolve:983:11)
    at ModuleLoader.defaultResolve (node:internal/modules/esm/loader:783:12)
    at #cachedDefaultResolve (node:internal/modules/esm/loader:707:25)
    at #resolveAndMaybeBlockOnLoaderThread (node:internal/modules/esm/loader:742:38)
    at ModuleLoader.resolveSync (node:internal/modules/esm/loader:765:52)
    at #cachedResolveSync (node:internal/modules/esm/loader:726:25)
    at ModuleLoader.getModuleJobForRequire (node:internal/modules/esm/loader:453:50) {
  code: 'ERR_MODULE_NOT_FOUND'
}

Node.js v22.18.0
node:internal/modules/esm/resolve:999
    throw error;
    ^

Error [ERR_MODULE_NOT_FOUND]: Cannot find package '@whiskeysockets/baileys' imported from /home/u668392243/domains/lefri.fundacionunderlife.org/public_html/dist/index.js
    at Object.getPackageJSONURL (node:internal/modules/package_json_reader:255:9)
    at packageResolve (node:internal/modules/esm/resolve:767:81)
    at moduleResolve (node:internal/modules/esm/resolve:853:18)
    at defaultResolve (node:internal/modules/esm/resolve:983:11)
    at ModuleLoader.defaultResolve (node:internal/modules/esm/loader:783:12)
    at #cachedDefaultResolve (node:internal/modules/esm/loader:707:25)
    at #resolveAndMaybeBlockOnLoaderThread (node:internal/modules/esm/loader:742:38)
    at ModuleLoader.resolveSync (node:internal/modules/esm/loader:765:52)
    at #cachedResolveSync (node:internal/modules/esm/loader:726:25)
    at ModuleLoader.getModuleJobForRequire (node:internal/modules/esm/loader:453:50) {
  code: 'ERR_MODULE_NOT_FOUND'
}

Node.js v22.18.0
node:internal/modules/esm/resolve:999
    throw error;
    ^

Error [ERR_MODULE_NOT_FOUND]: Cannot find package 'qr-image' imported from /home/u668392243/domains/lefri.fundacionunderlife.org/public_html/dist/index.js
    at Object.getPackageJSONURL (node:internal/modules/package_json_reader:255:9)
    at packageResolve (node:internal/modules/esm/resolve:767:81)
    at moduleResolve (node:internal/modules/esm/resolve:853:18)
    at defaultResolve (node:internal/modules/esm/resolve:983:11)
    at ModuleLoader.defaultResolve (node:internal/modules/esm/loader:783:12)
    at #cachedDefaultResolve (node:internal/modules/esm/loader:707:25)
    at #resolveAndMaybeBlockOnLoaderThread (node:internal/modules/esm/loader:742:38)
    at ModuleLoader.resolveSync (node:internal/modules/esm/loader:765:52)
    at #cachedResolveSync (node:internal/modules/esm/loader:726:25)
    at ModuleLoader.getModuleJobForRequire (node:internal/modules/esm/loader:453:50) {
  code: 'ERR_MODULE_NOT_FOUND'
}

Node.js v22.18.0
node:internal/modules/esm/resolve:999
    throw error;
    ^

Error [ERR_MODULE_NOT_FOUND]: Cannot find package 'qr-image' imported from /home/u668392243/domains/lefri.fundacionunderlife.org/public_html/dist/index.js
    at Object.getPackageJSONURL (node:internal/modules/package_json_reader:255:9)
    at packageResolve (node:internal/modules/esm/resolve:767:81)
    at moduleResolve (node:internal/modules/esm/resolve:853:18)
    at defaultResolve (node:internal/modules/esm/resolve:983:11)
    at ModuleLoader.defaultResolve (node:internal/modules/esm/loader:783:12)
    at #cachedDefaultResolve (node:internal/modules/esm/loader:707:25)
    at #resolveAndMaybeBlockOnLoaderThread (node:internal/modules/esm/loader:742:38)
    at ModuleLoader.resolveSync (node:internal/modules/esm/loader:765:52)
    at #cachedResolveSync (node:internal/modules/esm/loader:726:25)
    at ModuleLoader.getModuleJobForRequire (node:internal/modules/esm/loader:453:50) {
  code: 'ERR_MODULE_NOT_FOUND'
}

Node.js v22.18.0
node:internal/modules/esm/resolve:999
    throw error;
    ^

Error [ERR_MODULE_NOT_FOUND]: Cannot find package 'qr-image' imported from /home/u668392243/domains/lefri.fundacionunderlife.org/public_html/dist/index.js
    at Object.getPackageJSONURL (node:internal/modules/package_json_reader:255:9)
    at packageResolve (node:internal/modules/esm/resolve:767:81)
    at moduleResolve (node:internal/modules/esm/resolve:853:18)
    at defaultResolve (node:internal/modules/esm/resolve:983:11)
    at ModuleLoader.defaultResolve (node:internal/modules/esm/loader:783:12)
    at #cachedDefaultResolve (node:internal/modules/esm/loader:707:25)
    at #resolveAndMaybeBlockOnLoaderThread (node:internal/modules/esm/loader:742:38)
    at ModuleLoader.resolveSync (node:internal/modules/esm/loader:765:52)
    at #cachedResolveSync (node:internal/modules/esm/loader:726:25)
    at ModuleLoader.getModuleJobForRequire (node:internal/modules/esm/loader:453:50) {
  code: 'ERR_MODULE_NOT_FOUND'
}

Node.js v22.18.0
node:internal/modules/esm/resolve:999
    throw error;
    ^

Error [ERR_MODULE_NOT_FOUND]: Cannot find package 'qr-image' imported from /home/u668392243/domains/lefri.fundacionunderlife.org/public_html/dist/index.js
    at Object.getPackageJSONURL (node:internal/modules/package_json_reader:255:9)
    at packageResolve (node:internal/modules/esm/resolve:767:81)
    at moduleResolve (node:internal/modules/esm/resolve:853:18)
    at defaultResolve (node:internal/modules/esm/resolve:983:11)
    at ModuleLoader.defaultResolve (node:internal/modules/esm/loader:783:12)
    at #cachedDefaultResolve (node:internal/modules/esm/loader:707:25)
    at #resolveAndMaybeBlockOnLoaderThread (node:internal/modules/esm/loader:742:38)
    at ModuleLoader.resolveSync (node:internal/modules/esm/loader:765:52)
    at #cachedResolveSync (node:internal/modules/esm/loader:726:25)
    at ModuleLoader.getModuleJobForRequire (node:internal/modules/esm/loader:453:50) {
  code: 'ERR_MODULE_NOT_FOUND'
}

Node.js v22.18.0
file:///home/u668392243/domains/lefri.fundacionunderlife.org/public_html/dist/index.js:356
import { PrismaClient } from "@prisma/client";
         ^^^^^^^^^^^^

SyntaxError: The requested module '@prisma/client' does not provide an export named 'PrismaClient'
    at ModuleJobSync.runSync (node:internal/modules/esm/module_job:436:37)
    at ModuleLoader.importSyncForRequire (node:internal/modules/esm/loader:429:47)
    at loadESMFromCJS (node:internal/modules/cjs/loader:1519:24)
    at Module._compile (node:internal/modules/cjs/loader:1670:5)
    at Module._extensions..js (node:internal/modules/cjs/loader:1820:10)
    at Module.load (node:internal/modules/cjs/loader:1423:32)
    at Module._load (node:internal/modules/cjs/loader:1246:12)
    at TracingChannel.traceSync (node:diagnostics_channel:322:14)
    at wrapModuleLoad (node:internal/modules/cjs/loader:235:24)
    at Module.require (node:internal/modules/cjs/loader:1445:12)

Node.js v22.18.0
file:///home/u668392243/domains/lefri.fundacionunderlife.org/public_html/dist/index.js:356
import { PrismaClient } from "@prisma/client";
         ^^^^^^^^^^^^

SyntaxError: The requested module '@prisma/client' does not provide an export named 'PrismaClient'
    at ModuleJobSync.runSync (node:internal/modules/esm/module_job:436:37)
    at ModuleLoader.importSyncForRequire (node:internal/modules/esm/loader:429:47)
    at loadESMFromCJS (node:internal/modules/cjs/loader:1519:24)
    at Module._compile (node:internal/modules/cjs/loader:1670:5)
    at Module._extensions..js (node:internal/modules/cjs/loader:1820:10)
    at Module.load (node:internal/modules/cjs/loader:1423:32)
    at Module._load (node:internal/modules/cjs/loader:1246:12)
    at TracingChannel.traceSync (node:diagnostics_channel:322:14)
    at wrapModuleLoad (node:internal/modules/cjs/loader:235:24)
    at Module.require (node:internal/modules/cjs/loader:1445:12)

Node.js v22.18.0
file:///home/u668392243/domains/lefri.fundacionunderlife.org/public_html/dist/index.js:356
import { PrismaClient } from "@prisma/client";
         ^^^^^^^^^^^^

SyntaxError: The requested module '@prisma/client' does not provide an export named 'PrismaClient'
    at ModuleJobSync.runSync (node:internal/modules/esm/module_job:436:37)
    at ModuleLoader.importSyncForRequire (node:internal/modules/esm/loader:429:47)
    at loadESMFromCJS (node:internal/modules/cjs/loader:1519:24)
    at Module._compile (node:internal/modules/cjs/loader:1670:5)
    at Module._extensions..js (node:internal/modules/cjs/loader:1820:10)
    at Module.load (node:internal/modules/cjs/loader:1423:32)
    at Module._load (node:internal/modules/cjs/loader:1246:12)
    at TracingChannel.traceSync (node:diagnostics_channel:322:14)
    at wrapModuleLoad (node:internal/modules/cjs/loader:235:24)
    at Module.require (node:internal/modules/cjs/loader:1445:12)

Node.js v22.18.0
file:///home/u668392243/domains/lefri.fundacionunderlife.org/public_html/dist/index.js:356
import { PrismaClient } from "@prisma/client";
         ^^^^^^^^^^^^

SyntaxError: The requested module '@prisma/client' does not provide an export named 'PrismaClient'
    at ModuleJobSync.runSync (node:internal/modules/esm/module_job:436:37)
    at ModuleLoader.importSyncForRequire (node:internal/modules/esm/loader:429:47)
    at loadESMFromCJS (node:internal/modules/cjs/loader:1519:24)
    at Module._compile (node:internal/modules/cjs/loader:1670:5)
    at Module._extensions..js (node:internal/modules/cjs/loader:1820:10)
    at Module.load (node:internal/modules/cjs/loader:1423:32)
    at Module._load (node:internal/modules/cjs/loader:1246:12)
    at TracingChannel.traceSync (node:diagnostics_channel:322:14)
    at wrapModuleLoad (node:internal/modules/cjs/loader:235:24)
    at Module.require (node:internal/modules/cjs/loader:1445:12)

Node.js v22.18.0
file:///home/u668392243/domains/lefri.fundacionunderlife.org/public_html/dist/index.js:1845
import { Twilio } from "twilio";
         ^^^^^^

SyntaxError: The requested module 'twilio' does not provide an export named 'Twilio'
    at ModuleJobSync.runSync (node:internal/modules/esm/module_job:436:37)
    at ModuleLoader.importSyncForRequire (node:internal/modules/esm/loader:429:47)
    at loadESMFromCJS (node:internal/modules/cjs/loader:1519:24)
    at Module._compile (node:internal/modules/cjs/loader:1670:5)
    at Module._extensions..js (node:internal/modules/cjs/loader:1820:10)
    at Module.load (node:internal/modules/cjs/loader:1423:32)
    at Module._load (node:internal/modules/cjs/loader:1246:12)
    at TracingChannel.traceSync (node:diagnostics_channel:322:14)
    at wrapModuleLoad (node:internal/modules/cjs/loader:235:24)
    at Module.require (node:internal/modules/cjs/loader:1445:12)

Node.js v22.18.0
file:///home/u668392243/domains/lefri.fundacionunderlife.org/public_html/dist/index.js:1845
import { Twilio } from "twilio";
         ^^^^^^

SyntaxError: The requested module 'twilio' does not provide an export named 'Twilio'
    at ModuleJobSync.runSync (node:internal/modules/esm/module_job:436:37)
    at ModuleLoader.importSyncForRequire (node:internal/modules/esm/loader:429:47)
    at loadESMFromCJS (node:internal/modules/cjs/loader:1519:24)
    at Module._compile (node:internal/modules/cjs/loader:1670:5)
    at Module._extensions..js (node:internal/modules/cjs/loader:1820:10)
    at Module.load (node:internal/modules/cjs/loader:1423:32)
    at Module._load (node:internal/modules/cjs/loader:1246:12)
    at TracingChannel.traceSync (node:diagnostics_channel:322:14)
    at wrapModuleLoad (node:internal/modules/cjs/loader:235:24)
    at Module.require (node:internal/modules/cjs/loader:1445:12)

Node.js v22.18.0
file:///home/u668392243/domains/lefri.fundacionunderlife.org/public_html/dist/index.js:1845
import { Twilio } from "twilio";
         ^^^^^^

SyntaxError: The requested module 'twilio' does not provide an export named 'Twilio'
    at ModuleJobSync.runSync (node:internal/modules/esm/module_job:436:37)
    at ModuleLoader.importSyncForRequire (node:internal/modules/esm/loader:429:47)
    at loadESMFromCJS (node:internal/modules/cjs/loader:1519:24)
    at Module._compile (node:internal/modules/cjs/loader:1670:5)
    at Module._extensions..js (node:internal/modules/cjs/loader:1820:10)
    at Module.load (node:internal/modules/cjs/loader:1423:32)
    at Module._load (node:internal/modules/cjs/loader:1246:12)
    at TracingChannel.traceSync (node:diagnostics_channel:322:14)
    at wrapModuleLoad (node:internal/modules/cjs/loader:235:24)
    at Module.require (node:internal/modules/cjs/loader:1445:12)

Node.js v22.18.0
file:///home/u668392243/domains/lefri.fundacionunderlife.org/public_html/dist/index.js:1845
import { Twilio } from "twilio";
         ^^^^^^

SyntaxError: The requested module 'twilio' does not provide an export named 'Twilio'
    at ModuleJobSync.runSync (node:internal/modules/esm/module_job:436:37)
    at ModuleLoader.importSyncForRequire (node:internal/modules/esm/loader:429:47)
    at loadESMFromCJS (node:internal/modules/cjs/loader:1519:24)
    at Module._compile (node:internal/modules/cjs/loader:1670:5)
    at Module._extensions..js (node:internal/modules/cjs/loader:1820:10)
    at Module.load (node:internal/modules/cjs/loader:1423:32)
    at Module._load (node:internal/modules/cjs/loader:1246:12)
    at TracingChannel.traceSync (node:diagnostics_channel:322:14)
    at wrapModuleLoad (node:internal/modules/cjs/loader:235:24)
    at Module.require (node:internal/modules/cjs/loader:1445:12)

Node.js v22.18.0
file:///home/u668392243/domains/lefri.fundacionunderlife.org/public_html/dist/index.js:1845
import { Twilio } from "twilio";
         ^^^^^^

SyntaxError: The requested module 'twilio' does not provide an export named 'Twilio'
    at ModuleJobSync.runSync (node:internal/modules/esm/module_job:436:37)
    at ModuleLoader.importSyncForRequire (node:internal/modules/esm/loader:429:47)
    at loadESMFromCJS (node:internal/modules/cjs/loader:1519:24)
    at Module._compile (node:internal/modules/cjs/loader:1670:5)
    at Module._extensions..js (node:internal/modules/cjs/loader:1820:10)
    at Module.load (node:internal/modules/cjs/loader:1423:32)
    at Module._load (node:internal/modules/cjs/loader:1246:12)
    at TracingChannel.traceSync (node:diagnostics_channel:322:14)
    at wrapModuleLoad (node:internal/modules/cjs/loader:235:24)
    at Module.require (node:internal/modules/cjs/loader:1445:12)

Node.js v22.18.0
[WARN] Variables de entorno opcionales no configuradas: MONGODB_URI.
[WARN] Variables de entorno opcionales no configuradas: MONGODB_URI.
[WARN] Variables de entorno opcionales no configuradas: MONGODB_URI.
thread 'tokio-runtime-worker' panicked at /root/.cargo/registry/src/index.crates.io-6f17d22bba15001f/futures-timer-3.0.2/src/native/delay.rs:112:21:
timer has gone away
note: run with `RUST_BACKTRACE=1` environment variable to display a backtrace
Database operation failed (attempt 1/3): 
Invalid `prisma.user.findUnique()` invocation:


PANIC: timer has gone away

This is a non-recoverable error which probably happens when the Prisma Query Engine has a panic.

https://github.com/prisma/prisma/issues/new?body=Hi+Prisma+Team%21+My+Prisma+Client+just+crashed.+This+is+the+report%3A%0A%23%23+Versions%0A%0A%7C+Name++++++++++++%7C+Version++++++++++++%7C%0A%7C-----------------%7C--------------------%7C%0A%7C+Node++++++++++++%7C+v22.18.0+++++++++++%7C+%0A%7C+OS++++++++++++++%7C+debian-openssl-1.1.x%7C%0A%7C+Prisma+Client+++%7C+5.22.0+++++++++++++%7C%0A%7C+Query+Engine++++%7C+605197351a3c8bdd595af2d2a9bc3025bca48ea2%7C%0A%7C+Database++++++++%7C+mysql++++++++++++++%7C%0A%0A%0A%0A%23%23+Logs%0A%60%60%60%0Aprisma%3AtryLoadEnv+Environment+variables+not+found+at+null%0Aprisma%3AtryLoadEnv+Environment+variables+not+found+at+undefined%0Aprisma%3AtryLoadEnv+No+Environment+variables+loaded%0Aprisma%3Aclient+checkPlatformCaching%3Apostinstall+false%0Aprisma%3Aclient+checkPlatformCaching%3AciName+%0Aprisma%3AtryLoadEnv+Environment+variables+not+found+at+null%0Aprisma%3AtryLoadEnv+Environment+variables+not+found+at+undefined%0Aprisma%3AtryLoadEnv+No+Environment+variables+loaded%0Aprisma%3Aclient+dirname+%2Fhome%2Fu668392243%2Fdomains%2Flefri.fundacionunderlife.org%2Fpublic_html%2Fnode_modules%2F.prisma%2Fclient%0Aprisma%3Aclient+relativePath+..%2F..%2F..%2Fprisma%0Aprisma%3Aclient+cwd+%2Fhome%2Fu668392243%2Fdomains%2Flefri.fundacionunderlife.org%2Fpublic_html%2Fprisma%0Aprisma%3Aclient+clientVersion+5.22.0%0Aprisma%3Aclient%3AlibraryEngine+internalSetup%0Aprisma%3Aget-platform+Don%27t+know+any+platform-specific+paths+for+%22undefined%22+on+x64+%28x86_64%29%0Aprisma%3Aget-platform+Falling+back+to+%22ldconfig%22+and+other+generic+paths%0Aprisma%3Aget-platform+Found+libssl.so+file+using+%22ldconfig%22+or+other+generic+paths%3A+libssl.so.1.1%0Aprisma%3Aget-platform+The+parsed+libssl+version+is%3A+1.1.x%0Aprisma%3Aget-platform+Distro+is+%22undefined%22.+Falling+back+to+Prisma+engines+built+for+%22debian%22.%0Aprisma%3Aclient%3Aengines%3AresolveEnginePath+enginePath+%2Fhome%2Fu668392243%2Fdomains%2Flefri.fundacionunderlife.org%2Fpublic_html%2Fnode_modules%2F.prisma%2Fclient%2Flibquery_engine-debian-openssl-1.1.x.so.node%0Aprisma%3Aclient%3AlibraryEngine+sending+request%2C+this.libraryStarted%3A+false%0Aprisma%3Aclient%3AlibraryEngine+library+starting%0A%60%60%60%0A%0A%23%23+Client+Snippet%0A%60%60%60ts%0A%2F%2F+PLEASE+FILL+YOUR+CODE+SNIPPET+HERE%0A%60%60%60%0A%0A%23%23+Schema%0A%60%60%60prisma%0A%2F%2F+PLEASE+ADD+YOUR+SCHEMA+HERE+IF+POSSIBLE%0A%60%60%60%0A%0A%23%23+Prisma+Engine+Query%0A%60%60%60%0A%0A%60%60%60%0A&title=PANIC%3A+timer+has+gone+away&template=bug_report.yml

If you want the Prisma team to look into it, please open the link above 🙏
To increase the chance of success, please post your schema and a snippet of
how you used Prisma Client in the issue. 

thread 'tokio-runtime-worker' panicked at /root/.cargo/registry/src/index.crates.io-6f17d22bba15001f/futures-timer-3.0.2/src/native/delay.rs:112:21:
timer has gone away
Database operation failed (attempt 2/3): 
Invalid `prisma.user.findUnique()` invocation:


PANIC: timer has gone away

This is a non-recoverable error which probably happens when the Prisma Query Engine has a panic.

https://github.com/prisma/prisma/issues/new?body=Hi+Prisma+Team%21+My+Prisma+Client+just+crashed.+This+is+the+report%3A%0A%23%23+Versions%0A%0A%7C+Name++++++++++++%7C+Version++++++++++++%7C%0A%7C-----------------%7C--------------------%7C%0A%7C+Node++++++++++++%7C+v22.18.0+++++++++++%7C+%0A%7C+OS++++++++++++++%7C+debian-openssl-1.1.x%7C%0A%7C+Prisma+Client+++%7C+5.22.0+++++++++++++%7C%0A%7C+Query+Engine++++%7C+605197351a3c8bdd595af2d2a9bc3025bca48ea2%7C%0A%7C+Database++++++++%7C+mysql++++++++++++++%7C%0A%0A%0A%0A%23%23+Logs%0A%60%60%60%0Aprisma%3AtryLoadEnv+Environment+variables+not+found+at+null%0Aprisma%3AtryLoadEnv+Environment+variables+not+found+at+undefined%0Aprisma%3AtryLoadEnv+No+Environment+variables+loaded%0Aprisma%3Aclient+checkPlatformCaching%3Apostinstall+false%0Aprisma%3Aclient+checkPlatformCaching%3AciName+%0Aprisma%3AtryLoadEnv+Environment+variables+not+found+at+null%0Aprisma%3AtryLoadEnv+Environment+variables+not+found+at+undefined%0Aprisma%3AtryLoadEnv+No+Environment+variables+loaded%0Aprisma%3Aclient+dirname+%2Fhome%2Fu668392243%2Fdomains%2Flefri.fundacionunderlife.org%2Fpublic_html%2Fnode_modules%2F.prisma%2Fclient%0Aprisma%3Aclient+relativePath+..%2F..%2F..%2Fprisma%0Aprisma%3Aclient+cwd+%2Fhome%2Fu668392243%2Fdomains%2Flefri.fundacionunderlife.org%2Fpublic_html%2Fprisma%0Aprisma%3Aclient+clientVersion+5.22.0%0Aprisma%3Aclient%3AlibraryEngine+internalSetup%0Aprisma%3Aget-platform+Don%27t+know+any+platform-specific+paths+for+%22undefined%22+on+x64+%28x86_64%29%0Aprisma%3Aget-platform+Falling+back+to+%22ldconfig%22+and+other+generic+paths%0Aprisma%3Aget-platform+Found+libssl.so+file+using+%22ldconfig%22+or+other+generic+paths%3A+libssl.so.1.1%0Aprisma%3Aget-platform+The+parsed+libssl+version+is%3A+1.1.x%0Aprisma%3Aget-platform+Distro+is+%22undefined%22.+Falling+back+to+Prisma+engines+built+for+%22debian%22.%0Aprisma%3Aclient%3Aengines%3AresolveEnginePath+enginePath+%2Fhome%2Fu668392243%2Fdomains%2Flefri.fundacionunderlife.org%2Fpublic_html%2Fnode_modules%2F.prisma%2Fclient%2Flibquery_engine-debian-openssl-1.1.x.so.node%0Aprisma%3Aclient%3AlibraryEngine+sending+request%2C+this.libraryStarted%3A+false%0Aprisma%3Aclient%3AlibraryEngine+library+starting%0Aprisma%3Aclient%3Arequest_handler+%7B%22name%22%3A%22PrismaClientRustPanicError%22%2C%22clientVersion%22%3A%225.22.0%22%7D%0Aprisma%3Aclient%3AlibraryEngine+sending+request%2C+this.libraryStarted%3A+false%0Aprisma%3Aclient%3AlibraryEngine+library+starting%0A%60%60%60%0A%0A%23%23+Client+Snippet%0A%60%60%60ts%0A%2F%2F+PLEASE+FILL+YOUR+CODE+SNIPPET+HERE%0A%60%60%60%0A%0A%23%23+Schema%0A%60%60%60prisma%0A%2F%2F+PLEASE+ADD+YOUR+SCHEMA+HERE+IF+POSSIBLE%0A%60%60%60%0A%0A%23%23+Prisma+Engine+Query%0A%60%60%60%0A%0A%60%60%60%0A&title=PANIC%3A+timer+has+gone+away&template=bug_report.yml

If you want the Prisma team to look into it, please open the link above 🙏
To increase the chance of success, please post your schema and a snippet of
how you used Prisma Client in the issue. 

thread 'tokio-runtime-worker' panicked at /root/.cargo/registry/src/index.crates.io-6f17d22bba15001f/futures-timer-3.0.2/src/native/delay.rs:112:21:
timer has gone away
Database operation failed (attempt 3/3): 
Invalid `prisma.user.findUnique()` invocation:


PANIC: timer has gone away

This is a non-recoverable error which probably happens when the Prisma Query Engine has a panic.

https://github.com/prisma/prisma/issues/new?body=Hi+Prisma+Team%21+My+Prisma+Client+just+crashed.+This+is+the+report%3A%0A%23%23+Versions%0A%0A%7C+Name++++++++++++%7C+Version++++++++++++%7C%0A%7C-----------------%7C--------------------%7C%0A%7C+Node++++++++++++%7C+v22.18.0+++++++++++%7C+%0A%7C+OS++++++++++++++%7C+debian-openssl-1.1.x%7C%0A%7C+Prisma+Client+++%7C+5.22.0+++++++++++++%7C%0A%7C+Query+Engine++++%7C+605197351a3c8bdd595af2d2a9bc3025bca48ea2%7C%0A%7C+Database++++++++%7C+mysql++++++++++++++%7C%0A%0A%0A%0A%23%23+Logs%0A%60%60%60%0Aprisma%3AtryLoadEnv+Environment+variables+not+found+at+null%0Aprisma%3AtryLoadEnv+Environment+variables+not+found+at+undefined%0Aprisma%3AtryLoadEnv+No+Environment+variables+loaded%0Aprisma%3Aclient+checkPlatformCaching%3Apostinstall+false%0Aprisma%3Aclient+checkPlatformCaching%3AciName+%0Aprisma%3AtryLoadEnv+Environment+variables+not+found+at+null%0Aprisma%3AtryLoadEnv+Environment+variables+not+found+at+undefined%0Aprisma%3AtryLoadEnv+No+Environment+variables+loaded%0Aprisma%3Aclient+dirname+%2Fhome%2Fu668392243%2Fdomains%2Flefri.fundacionunderlife.org%2Fpublic_html%2Fnode_modules%2F.prisma%2Fclient%0Aprisma%3Aclient+relativePath+..%2F..%2F..%2Fprisma%0Aprisma%3Aclient+cwd+%2Fhome%2Fu668392243%2Fdomains%2Flefri.fundacionunderlife.org%2Fpublic_html%2Fprisma%0Aprisma%3Aclient+clientVersion+5.22.0%0Aprisma%3Aclient%3AlibraryEngine+internalSetup%0Aprisma%3Aget-platform+Don%27t+know+any+platform-specific+paths+for+%22undefined%22+on+x64+%28x86_64%29%0Aprisma%3Aget-platform+Falling+back+to+%22ldconfig%22+and+other+generic+paths%0Aprisma%3Aget-platform+Found+libssl.so+file+using+%22ldconfig%22+or+other+generic+paths%3A+libssl.so.1.1%0Aprisma%3Aget-platform+The+parsed+libssl+version+is%3A+1.1.x%0Aprisma%3Aget-platform+Distro+is+%22undefined%22.+Falling+back+to+Prisma+engines+built+for+%22debian%22.%0Aprisma%3Aclient%3Aengines%3AresolveEnginePath+enginePath+%2Fhome%2Fu668392243%2Fdomains%2Flefri.fundacionunderlife.org%2Fpublic_html%2Fnode_modules%2F.prisma%2Fclient%2Flibquery_engine-debian-openssl-1.1.x.so.node%0Aprisma%3Aclient%3AlibraryEngine+sending+request%2C+this.libraryStarted%3A+false%0Aprisma%3Aclient%3AlibraryEngine+library+starting%0Aprisma%3Aclient%3Arequest_handler+%7B%22name%22%3A%22PrismaClientRustPanicError%22%2C%22clientVersion%22%3A%225.22.0%22%7D%0Aprisma%3Aclient%3AlibraryEngine+sending+request%2C+this.libraryStarted%3A+false%0Aprisma%3Aclient%3AlibraryEngine+library+starting%0Aprisma%3Aclient%3Arequest_handler+%7B%22name%22%3A%22PrismaClientRustPanicError%22%2C%22clientVersion%22%3A%225.22.0%22%7D%0Aprisma%3Aclient%3AlibraryEngine+sending+request%2C+this.libraryStarted%3A+false%0Aprisma%3Aclient%3AlibraryEngine+library+starting%0A%60%60%60%0A%0A%23%23+Client+Snippet%0A%60%60%60ts%0A%2F%2F+PLEASE+FILL+YOUR+CODE+SNIPPET+HERE%0A%60%60%60%0A%0A%23%23+Schema%0A%60%60%60prisma%0A%2F%2F+PLEASE+ADD+YOUR+SCHEMA+HERE+IF+POSSIBLE%0A%60%60%60%0A%0A%23%23+Prisma+Engine+Query%0A%60%60%60%0A%0A%60%60%60%0A&title=PANIC%3A+timer+has+gone+away&template=bug_report.yml

If you want the Prisma team to look into it, please open the link above 🙏
To increase the chance of success, please post your schema and a snippet of
how you used Prisma Client in the issue. 

Google OAuth callback error: PrismaClientRustPanicError: 
Invalid `prisma.user.findUnique()` invocation:


PANIC: timer has gone away

This is a non-recoverable error which probably happens when the Prisma Query Engine has a panic.

https://github.com/prisma/prisma/issues/new?body=Hi+Prisma+Team%21+My+Prisma+Client+just+crashed.+This+is+the+report%3A%0A%23%23+Versions%0A%0A%7C+Name++++++++++++%7C+Version++++++++++++%7C%0A%7C-----------------%7C--------------------%7C%0A%7C+Node++++++++++++%7C+v22.18.0+++++++++++%7C+%0A%7C+OS++++++++++++++%7C+debian-openssl-1.1.x%7C%0A%7C+Prisma+Client+++%7C+5.22.0+++++++++++++%7C%0A%7C+Query+Engine++++%7C+605197351a3c8bdd595af2d2a9bc3025bca48ea2%7C%0A%7C+Database++++++++%7C+mysql++++++++++++++%7C%0A%0A%0A%0A%23%23+Logs%0A%60%60%60%0Aprisma%3AtryLoadEnv+Environment+variables+not+found+at+null%0Aprisma%3AtryLoadEnv+Environment+variables+not+found+at+undefined%0Aprisma%3AtryLoadEnv+No+Environment+variables+loaded%0Aprisma%3Aclient+checkPlatformCaching%3Apostinstall+false%0Aprisma%3Aclient+checkPlatformCaching%3AciName+%0Aprisma%3AtryLoadEnv+Environment+variables+not+found+at+null%0Aprisma%3AtryLoadEnv+Environment+variables+not+found+at+undefined%0Aprisma%3AtryLoadEnv+No+Environment+variables+loaded%0Aprisma%3Aclient+dirname+%2Fhome%2Fu668392243%2Fdomains%2Flefri.fundacionunderlife.org%2Fpublic_html%2Fnode_modules%2F.prisma%2Fclient%0Aprisma%3Aclient+relativePath+..%2F..%2F..%2Fprisma%0Aprisma%3Aclient+cwd+%2Fhome%2Fu668392243%2Fdomains%2Flefri.fundacionunderlife.org%2Fpublic_html%2Fprisma%0Aprisma%3Aclient+clientVersion+5.22.0%0Aprisma%3Aclient%3AlibraryEngine+internalSetup%0Aprisma%3Aget-platform+Don%27t+know+any+platform-specific+paths+for+%22undefined%22+on+x64+%28x86_64%29%0Aprisma%3Aget-platform+Falling+back+to+%22ldconfig%22+and+other+generic+paths%0Aprisma%3Aget-platform+Found+libssl.so+file+using+%22ldconfig%22+or+other+generic+paths%3A+libssl.so.1.1%0Aprisma%3Aget-platform+The+parsed+libssl+version+is%3A+1.1.x%0Aprisma%3Aget-platform+Distro+is+%22undefined%22.+Falling+back+to+Prisma+engines+built+for+%22debian%22.%0Aprisma%3Aclient%3Aengines%3AresolveEnginePath+enginePath+%2Fhome%2Fu668392243%2Fdomains%2Flefri.fundacionunderlife.org%2Fpublic_html%2Fnode_modules%2F.prisma%2Fclient%2Flibquery_engine-debian-openssl-1.1.x.so.node%0Aprisma%3Aclient%3AlibraryEngine+sending+request%2C+this.libraryStarted%3A+false%0Aprisma%3Aclient%3AlibraryEngine+library+starting%0Aprisma%3Aclient%3Arequest_handler+%7B%22name%22%3A%22PrismaClientRustPanicError%22%2C%22clientVersion%22%3A%225.22.0%22%7D%0Aprisma%3Aclient%3AlibraryEngine+sending+request%2C+this.libraryStarted%3A+false%0Aprisma%3Aclient%3AlibraryEngine+library+starting%0Aprisma%3Aclient%3Arequest_handler+%7B%22name%22%3A%22PrismaClientRustPanicError%22%2C%22clientVersion%22%3A%225.22.0%22%7D%0Aprisma%3Aclient%3AlibraryEngine+sending+request%2C+this.libraryStarted%3A+false%0Aprisma%3Aclient%3AlibraryEngine+library+starting%0A%60%60%60%0A%0A%23%23+Client+Snippet%0A%60%60%60ts%0A%2F%2F+PLEASE+FILL+YOUR+CODE+SNIPPET+HERE%0A%60%60%60%0A%0A%23%23+Schema%0A%60%60%60prisma%0A%2F%2F+PLEASE+ADD+YOUR+SCHEMA+HERE+IF+POSSIBLE%0A%60%60%60%0A%0A%23%23+Prisma+Engine+Query%0A%60%60%60%0A%0A%60%60%60%0A&title=PANIC%3A+timer+has+gone+away&template=bug_report.yml

If you want the Prisma team to look into it, please open the link above 🙏
To increase the chance of success, please post your schema and a snippet of
how you used Prisma Client in the issue. 

    at $n.handleRequestError (/home/u668392243/domains/lefri.fundacionunderlife.org/public_html/node_modules/@prisma/client/runtime/library.js:121:7676)
    at $n.handleAndLogRequestError (/home/u668392243/domains/lefri.fundacionunderlife.org/public_html/node_modules/@prisma/client/runtime/library.js:121:6623)
    at $n.request (/home/u668392243/domains/lefri.fundacionunderlife.org/public_html/node_modules/@prisma/client/runtime/library.js:121:6307)
    at async l (/home/u668392243/domains/lefri.fundacionunderlife.org/public_html/node_modules/@prisma/client/runtime/library.js:130:9633)
    at async file:///home/u668392243/domains/lefri.fundacionunderlife.org/public_html/dist/index.js:463:17
    at async executeWithRetry (file:///home/u668392243/domains/lefri.fundacionunderlife.org/public_html/dist/index.js:366:14)
    at async file:///home/u668392243/domains/lefri.fundacionunderlife.org/public_html/dist/index.js:974:16 {
  clientVersion: '5.22.0'
}
thread 'tokio-runtime-worker' panicked at /root/.cargo/registry/src/index.crates.io-6f17d22bba15001f/futures-timer-3.0.2/src/native/delay.rs:112:21:
timer has gone away
Database operation failed (attempt 1/3): 
Invalid `prisma.user.findUnique()` invocation:


PANIC: timer has gone away

This is a non-recoverable error which probably happens when the Prisma Query Engine has a panic.

https://github.com/prisma/prisma/issues/new?body=Hi+Prisma+Team%21+My+Prisma+Client+just+crashed.+This+is+the+report%3A%0A%23%23+Versions%0A%0A%7C+Name++++++++++++%7C+Version++++++++++++%7C%0A%7C-----------------%7C--------------------%7C%0A%7C+Node++++++++++++%7C+v22.18.0+++++++++++%7C+%0A%7C+OS++++++++++++++%7C+debian-openssl-1.1.x%7C%0A%7C+Prisma+Client+++%7C+5.22.0+++++++++++++%7C%0A%7C+Query+Engine++++%7C+605197351a3c8bdd595af2d2a9bc3025bca48ea2%7C%0A%7C+Database++++++++%7C+mysql++++++++++++++%7C%0A%0A%0A%0A%23%23+Logs%0A%60%60%60%0Aprisma%3AtryLoadEnv+Environment+variables+not+found+at+null%0Aprisma%3AtryLoadEnv+Environment+variables+not+found+at+undefined%0Aprisma%3AtryLoadEnv+No+Environment+variables+loaded%0Aprisma%3Aclient+checkPlatformCaching%3Apostinstall+false%0Aprisma%3Aclient+checkPlatformCaching%3AciName+%0Aprisma%3AtryLoadEnv+Environment+variables+not+found+at+null%0Aprisma%3AtryLoadEnv+Environment+variables+not+found+at+undefined%0Aprisma%3AtryLoadEnv+No+Environment+variables+loaded%0Aprisma%3Aclient+dirname+%2Fhome%2Fu668392243%2Fdomains%2Flefri.fundacionunderlife.org%2Fpublic_html%2Fnode_modules%2F.prisma%2Fclient%0Aprisma%3Aclient+relativePath+..%2F..%2F..%2Fprisma%0Aprisma%3Aclient+cwd+%2Fhome%2Fu668392243%2Fdomains%2Flefri.fundacionunderlife.org%2Fpublic_html%2Fprisma%0Aprisma%3Aclient+clientVersion+5.22.0%0Aprisma%3Aclient%3AlibraryEngine+internalSetup%0Aprisma%3Aget-platform+Don%27t+know+any+platform-specific+paths+for+%22undefined%22+on+x64+%28x86_64%29%0Aprisma%3Aget-platform+Falling+back+to+%22ldconfig%22+and+other+generic+paths%0Aprisma%3Aget-platform+Found+libssl.so+file+using+%22ldconfig%22+or+other+generic+paths%3A+libssl.so.1.1%0Aprisma%3Aget-platform+The+parsed+libssl+version+is%3A+1.1.x%0Aprisma%3Aget-platform+Distro+is+%22undefined%22.+Falling+back+to+Prisma+engines+built+for+%22debian%22.%0Aprisma%3Aclient%3Aengines%3AresolveEnginePath+enginePath+%2Fhome%2Fu668392243%2Fdomains%2Flefri.fundacionunderlife.org%2Fpublic_html%2Fnode_modules%2F.prisma%2Fclient%2Flibquery_engine-debian-openssl-1.1.x.so.node%0Aprisma%3Aclient%3AlibraryEngine+sending+request%2C+this.libraryStarted%3A+false%0Aprisma%3Aclient%3AlibraryEngine+library+starting%0Aprisma%3Aclient%3Arequest_handler+%7B%22name%22%3A%22PrismaClientRustPanicError%22%2C%22clientVersion%22%3A%225.22.0%22%7D%0Aprisma%3Aclient%3AlibraryEngine+sending+request%2C+this.libraryStarted%3A+false%0Aprisma%3Aclient%3AlibraryEngine+library+starting%0Aprisma%3Aclient%3Arequest_handler+%7B%22name%22%3A%22PrismaClientRustPanicError%22%2C%22clientVersion%22%3A%225.22.0%22%7D%0Aprisma%3Aclient%3AlibraryEngine+sending+request%2C+this.libraryStarted%3A+false%0Aprisma%3Aclient%3AlibraryEngine+library+starting%0Aprisma%3Aclient%3Arequest_handler+%7B%22name%22%3A%22PrismaClientRustPanicError%22%2C%22clientVersion%22%3A%225.22.0%22%7D%0Aprisma%3Aclient%3AlibraryEngine+sending+request%2C+this.libraryStarted%3A+false%0Aprisma%3Aclient%3AlibraryEngine+library+starting%0A%60%60%60%0A%0A%23%23+Client+Snippet%0A%60%60%60ts%0A%2F%2F+PLEASE+FILL+YOUR+CODE+SNIPPET+HERE%0A%60%60%60%0A%0A%23%23+Schema%0A%60%60%60prisma%0A%2F%2F+PLEASE+ADD+YOUR+SCHEMA+HERE+IF+POSSIBLE%0A%60%60%60%0A%0A%23%23+Prisma+Engine+Query%0A%60%60%60%0A%0A%60%60%60%0A&title=PANIC%3A+timer+has+gone+away&template=bug_report.yml

If you want the Prisma team to look into it, please open the link above 🙏
To increase the chance of success, please post your schema and a snippet of
how you used Prisma Client in the issue. 

thread 'tokio-runtime-worker' panicked at /root/.cargo/registry/src/index.crates.io-6f17d22bba15001f/futures-timer-3.0.2/src/native/delay.rs:112:21:
timer has gone away
Database operation failed (attempt 2/3): 
Invalid `prisma.user.findUnique()` invocation:


PANIC: timer has gone away

This is a non-recoverable error which probably happens when the Prisma Query Engine has a panic.

https://github.com/prisma/prisma/issues/new?body=Hi+Prisma+Team%21+My+Prisma+Client+just+crashed.+This+is+the+report%3A%0A%23%23+Versions%0A%0A%7C+Name++++++++++++%7C+Version++++++++++++%7C%0A%7C-----------------%7C--------------------%7C%0A%7C+Node++++++++++++%7C+v22.18.0+++++++++++%7C+%0A%7C+OS++++++++++++++%7C+debian-openssl-1.1.x%7C%0A%7C+Prisma+Client+++%7C+5.22.0+++++++++++++%7C%0A%7C+Query+Engine++++%7C+605197351a3c8bdd595af2d2a9bc3025bca48ea2%7C%0A%7C+Database++++++++%7C+mysql++++++++++++++%7C%0A%0A%0A%0A%23%23+Logs%0A%60%60%60%0Aprisma%3AtryLoadEnv+Environment+variables+not+found+at+null%0Aprisma%3AtryLoadEnv+Environment+variables+not+found+at+undefined%0Aprisma%3AtryLoadEnv+No+Environment+variables+loaded%0Aprisma%3Aclient+checkPlatformCaching%3Apostinstall+false%0Aprisma%3Aclient+checkPlatformCaching%3AciName+%0Aprisma%3AtryLoadEnv+Environment+variables+not+found+at+null%0Aprisma%3AtryLoadEnv+Environment+variables+not+found+at+undefined%0Aprisma%3AtryLoadEnv+No+Environment+variables+loaded%0Aprisma%3Aclient+dirname+%2Fhome%2Fu668392243%2Fdomains%2Flefri.fundacionunderlife.org%2Fpublic_html%2Fnode_modules%2F.prisma%2Fclient%0Aprisma%3Aclient+relativePath+..%2F..%2F..%2Fprisma%0Aprisma%3Aclient+cwd+%2Fhome%2Fu668392243%2Fdomains%2Flefri.fundacionunderlife.org%2Fpublic_html%2Fprisma%0Aprisma%3Aclient+clientVersion+5.22.0%0Aprisma%3Aclient%3AlibraryEngine+internalSetup%0Aprisma%3Aget-platform+Don%27t+know+any+platform-specific+paths+for+%22undefined%22+on+x64+%28x86_64%29%0Aprisma%3Aget-platform+Falling+back+to+%22ldconfig%22+and+other+generic+paths%0Aprisma%3Aget-platform+Found+libssl.so+file+using+%22ldconfig%22+or+other+generic+paths%3A+libssl.so.1.1%0Aprisma%3Aget-platform+The+parsed+libssl+version+is%3A+1.1.x%0Aprisma%3Aget-platform+Distro+is+%22undefined%22.+Falling+back+to+Prisma+engines+built+for+%22debian%22.%0Aprisma%3Aclient%3Aengines%3AresolveEnginePath+enginePath+%2Fhome%2Fu668392243%2Fdomains%2Flefri.fundacionunderlife.org%2Fpublic_html%2Fnode_modules%2F.prisma%2Fclient%2Flibquery_engine-debian-openssl-1.1.x.so.node%0Aprisma%3Aclient%3AlibraryEngine+sending+request%2C+this.libraryStarted%3A+false%0Aprisma%3Aclient%3AlibraryEngine+library+starting%0Aprisma%3Aclient%3Arequest_handler+%7B%22name%22%3A%22PrismaClientRustPanicError%22%2C%22clientVersion%22%3A%225.22.0%22%7D%0Aprisma%3Aclient%3AlibraryEngine+sending+request%2C+this.libraryStarted%3A+false%0Aprisma%3Aclient%3AlibraryEngine+library+starting%0Aprisma%3Aclient%3Arequest_handler+%7B%22name%22%3A%22PrismaClientRustPanicError%22%2C%22clientVersion%22%3A%225.22.0%22%7D%0Aprisma%3Aclient%3AlibraryEngine+sending+request%2C+this.libraryStarted%3A+false%0Aprisma%3Aclient%3AlibraryEngine+library+starting%0Aprisma%3Aclient%3Arequest_handler+%7B%22name%22%3A%22PrismaClientRustPanicError%22%2C%22clientVersion%22%3A%225.22.0%22%7D%0Aprisma%3Aclient%3AlibraryEngine+sending+request%2C+this.libraryStarted%3A+false%0Aprisma%3Aclient%3AlibraryEngine+library+starting%0Aprisma%3Aclient%3Arequest_handler+%7B%22name%22%3A%22PrismaClientRustPanicError%22%2C%22clientVersion%22%3A%225.22.0%22%7D%0Aprisma%3Aclient%3AlibraryEngine+sending+request%2C+this.libraryStarted%3A+false%0Aprisma%3Aclient%3AlibraryEngine+library+starting%0A%60%60%60%0A%0A%23%23+Client+Snippet%0A%60%60%60ts%0A%2F%2F+PLEASE+FILL+YOUR+CODE+SNIPPET+HERE%0A%60%60%60%0A%0A%23%23+Schema%0A%60%60%60prisma%0A%2F%2F+PLEASE+ADD+YOUR+SCHEMA+HERE+IF+POSSIBLE%0A%60%60%60%0A%0A%23%23+Prisma+Engine+Query%0A%60%60%60%0A%0A%60%60%60%0A&title=PANIC%3A+timer+has+gone+away&template=bug_report.yml

If you want the Prisma team to look into it, please open the link above 🙏
To increase the chance of success, please post your schema and a snippet of
how you used Prisma Client in the issue. 

thread 'tokio-runtime-worker' panicked at /root/.cargo/registry/src/index.crates.io-6f17d22bba15001f/futures-timer-3.0.2/src/native/delay.rs:112:21:
timer has gone away
Database operation failed (attempt 3/3): 
Invalid `prisma.user.findUnique()` invocation:


PANIC: timer has gone away

This is a non-recoverable error which probably happens when the Prisma Query Engine has a panic.

https://github.com/prisma/prisma/issues/new?body=Hi+Prisma+Team%21+My+Prisma+Client+just+crashed.+This+is+the+report%3A%0A%23%23+Versions%0A%0A%7C+Name++++++++++++%7C+Version++++++++++++%7C%0A%7C-----------------%7C--------------------%7C%0A%7C+Node++++++++++++%7C+v22.18.0+++++++++++%7C+%0A%7C+OS++++++++++++++%7C+debian-openssl-1.1.x%7C%0A%7C+Prisma+Client+++%7C+5.22.0+++++++++++++%7C%0A%7C+Query+Engine++++%7C+605197351a3c8bdd595af2d2a9bc3025bca48ea2%7C%0A%7C+Database++++++++%7C+mysql++++++++++++++%7C%0A%0A%0A%0A%23%23+Logs%0A%60%60%60%0Aprisma%3AtryLoadEnv+Environment+variables+not+found+at+null%0Aprisma%3AtryLoadEnv+Environment+variables+not+found+at+undefined%0Aprisma%3AtryLoadEnv+No+Environment+variables+loaded%0Aprisma%3Aclient+checkPlatformCaching%3Apostinstall+false%0Aprisma%3Aclient+checkPlatformCaching%3AciName+%0Aprisma%3AtryLoadEnv+Environment+variables+not+found+at+null%0Aprisma%3AtryLoadEnv+Environment+variables+not+found+at+undefined%0Aprisma%3AtryLoadEnv+No+Environment+variables+loaded%0Aprisma%3Aclient+dirname+%2Fhome%2Fu668392243%2Fdomains%2Flefri.fundacionunderlife.org%2Fpublic_html%2Fnode_modules%2F.prisma%2Fclient%0Aprisma%3Aclient+relativePath+..%2F..%2F..%2Fprisma%0Aprisma%3Aclient+cwd+%2Fhome%2Fu668392243%2Fdomains%2Flefri.fundacionunderlife.org%2Fpublic_html%2Fprisma%0Aprisma%3Aclient+clientVersion+5.22.0%0Aprisma%3Aclient%3AlibraryEngine+internalSetup%0Aprisma%3Aget-platform+Don%27t+know+any+platform-specific+paths+for+%22undefined%22+on+x64+%28x86_64%29%0Aprisma%3Aget-platform+Falling+back+to+%22ldconfig%22+and+other+generic+paths%0Aprisma%3Aget-platform+Found+libssl.so+file+using+%22ldconfig%22+or+other+generic+paths%3A+libssl.so.1.1%0Aprisma%3Aget-platform+The+parsed+libssl+version+is%3A+1.1.x%0Aprisma%3Aget-platform+Distro+is+%22undefined%22.+Falling+back+to+Prisma+engines+built+for+%22debian%22.%0Aprisma%3Aclient%3Aengines%3AresolveEnginePath+enginePath+%2Fhome%2Fu668392243%2Fdomains%2Flefri.fundacionunderlife.org%2Fpublic_html%2Fnode_modules%2F.prisma%2Fclient%2Flibquery_engine-debian-openssl-1.1.x.so.node%0Aprisma%3Aclient%3AlibraryEngine+sending+request%2C+this.libraryStarted%3A+false%0Aprisma%3Aclient%3AlibraryEngine+library+starting%0Aprisma%3Aclient%3Arequest_handler+%7B%22name%22%3A%22PrismaClientRustPanicError%22%2C%22clientVersion%22%3A%225.22.0%22%7D%0Aprisma%3Aclient%3AlibraryEngine+sending+request%2C+this.libraryStarted%3A+false%0Aprisma%3Aclient%3AlibraryEngine+library+starting%0Aprisma%3Aclient%3Arequest_handler+%7B%22name%22%3A%22PrismaClientRustPanicError%22%2C%22clientVersion%22%3A%225.22.0%22%7D%0Aprisma%3Aclient%3AlibraryEngine+sending+request%2C+this.libraryStarted%3A+false%0Aprisma%3Aclient%3AlibraryEngine+library+starting%0Aprisma%3Aclient%3Arequest_handler+%7B%22name%22%3A%22PrismaClientRustPanicError%22%2C%22clientVersion%22%3A%225.22.0%22%7D%0Aprisma%3Aclient%3AlibraryEngine+sending+request%2C+this.libraryStarted%3A+false%0Aprisma%3Aclient%3AlibraryEngine+library+starting%0Aprisma%3Aclient%3Arequest_handler+%7B%22name%22%3A%22PrismaClientRustPanicError%22%2C%22clientVersion%22%3A%225.22.0%22%7D%0Aprisma%3Aclient%3AlibraryEngine+sending+request%2C+this.libraryStarted%3A+false%0Aprisma%3Aclient%3AlibraryEngine+library+starting%0Aprisma%3Aclient%3Arequest_handler+%7B%22name%22%3A%22PrismaClientRustPanicError%22%2C%22clientVersion%22%3A%225.22.0%22%7D%0Aprisma%3Aclient%3AlibraryEngine+sending+request%2C+this.libraryStarted%3A+false%0Aprisma%3Aclient%3AlibraryEngine+library+starting%0A%60%60%60%0A%0A%23%23+Client+Snippet%0A%60%60%60ts%0A%2F%2F+PLEASE+FILL+YOUR+CODE+SNIPPET+HERE%0A%60%60%60%0A%0A%23%23+Schema%0A%60%60%60prisma%0A%2F%2F+PLEASE+ADD+YOUR+SCHEMA+HERE+IF+POSSIBLE%0A%60%60%60%0A%0A%23%23+Prisma+Engine+Query%0A%60%60%60%0A%0A%60%60%60%0A&title=PANIC%3A+timer+has+gone+away&template=bug_report.yml

If you want the Prisma team to look into it, please open the link above 🙏
To increase the chance of success, please post your schema and a snippet of
how you used Prisma Client in the issue. 

Google OAuth callback error: PrismaClientRustPanicError: 
Invalid `prisma.user.findUnique()` invocation:


PANIC: timer has gone away

This is a non-recoverable error which probably happens when the Prisma Query Engine has a panic.

https://github.com/prisma/prisma/issues/new?body=Hi+Prisma+Team%21+My+Prisma+Client+just+crashed.+This+is+the+report%3A%0A%23%23+Versions%0A%0A%7C+Name++++++++++++%7C+Version++++++++++++%7C%0A%7C-----------------%7C--------------------%7C%0A%7C+Node++++++++++++%7C+v22.18.0+++++++++++%7C+%0A%7C+OS++++++++++++++%7C+debian-openssl-1.1.x%7C%0A%7C+Prisma+Client+++%7C+5.22.0+++++++++++++%7C%0A%7C+Query+Engine++++%7C+605197351a3c8bdd595af2d2a9bc3025bca48ea2%7C%0A%7C+Database++++++++%7C+mysql++++++++++++++%7C%0A%0A%0A%0A%23%23+Logs%0A%60%60%60%0Aprisma%3AtryLoadEnv+Environment+variables+not+found+at+null%0Aprisma%3AtryLoadEnv+Environment+variables+not+found+at+undefined%0Aprisma%3AtryLoadEnv+No+Environment+variables+loaded%0Aprisma%3Aclient+checkPlatformCaching%3Apostinstall+false%0Aprisma%3Aclient+checkPlatformCaching%3AciName+%0Aprisma%3AtryLoadEnv+Environment+variables+not+found+at+null%0Aprisma%3AtryLoadEnv+Environment+variables+not+found+at+undefined%0Aprisma%3AtryLoadEnv+No+Environment+variables+loaded%0Aprisma%3Aclient+dirname+%2Fhome%2Fu668392243%2Fdomains%2Flefri.fundacionunderlife.org%2Fpublic_html%2Fnode_modules%2F.prisma%2Fclient%0Aprisma%3Aclient+relativePath+..%2F..%2F..%2Fprisma%0Aprisma%3Aclient+cwd+%2Fhome%2Fu668392243%2Fdomains%2Flefri.fundacionunderlife.org%2Fpublic_html%2Fprisma%0Aprisma%3Aclient+clientVersion+5.22.0%0Aprisma%3Aclient%3AlibraryEngine+internalSetup%0Aprisma%3Aget-platform+Don%27t+know+any+platform-specific+paths+for+%22undefined%22+on+x64+%28x86_64%29%0Aprisma%3Aget-platform+Falling+back+to+%22ldconfig%22+and+other+generic+paths%0Aprisma%3Aget-platform+Found+libssl.so+file+using+%22ldconfig%22+or+other+generic+paths%3A+libssl.so.1.1%0Aprisma%3Aget-platform+The+parsed+libssl+version+is%3A+1.1.x%0Aprisma%3Aget-platform+Distro+is+%22undefined%22.+Falling+back+to+Prisma+engines+built+for+%22debian%22.%0Aprisma%3Aclient%3Aengines%3AresolveEnginePath+enginePath+%2Fhome%2Fu668392243%2Fdomains%2Flefri.fundacionunderlife.org%2Fpublic_html%2Fnode_modules%2F.prisma%2Fclient%2Flibquery_engine-debian-openssl-1.1.x.so.node%0Aprisma%3Aclient%3AlibraryEngine+sending+request%2C+this.libraryStarted%3A+false%0Aprisma%3Aclient%3AlibraryEngine+library+starting%0Aprisma%3Aclient%3Arequest_handler+%7B%22name%22%3A%22PrismaClientRustPanicError%22%2C%22clientVersion%22%3A%225.22.0%22%7D%0Aprisma%3Aclient%3AlibraryEngine+sending+request%2C+this.libraryStarted%3A+false%0Aprisma%3Aclient%3AlibraryEngine+library+starting%0Aprisma%3Aclient%3Arequest_handler+%7B%22name%22%3A%22PrismaClientRustPanicError%22%2C%22clientVersion%22%3A%225.22.0%22%7D%0Aprisma%3Aclient%3AlibraryEngine+sending+request%2C+this.libraryStarted%3A+false%0Aprisma%3Aclient%3AlibraryEngine+library+starting%0Aprisma%3Aclient%3Arequest_handler+%7B%22name%22%3A%22PrismaClientRustPanicError%22%2C%22clientVersion%22%3A%225.22.0%22%7D%0Aprisma%3Aclient%3AlibraryEngine+sending+request%2C+this.libraryStarted%3A+false%0Aprisma%3Aclient%3AlibraryEngine+library+starting%0Aprisma%3Aclient%3Arequest_handler+%7B%22name%22%3A%22PrismaClientRustPanicError%22%2C%22clientVersion%22%3A%225.22.0%22%7D%0Aprisma%3Aclient%3AlibraryEngine+sending+request%2C+this.libraryStarted%3A+false%0Aprisma%3Aclient%3AlibraryEngine+library+starting%0Aprisma%3Aclient%3Arequest_handler+%7B%22name%22%3A%22PrismaClientRustPanicError%22%2C%22clientVersion%22%3A%225.22.0%22%7D%0Aprisma%3Aclient%3AlibraryEngine+sending+request%2C+this.libraryStarted%3A+false%0Aprisma%3Aclient%3AlibraryEngine+library+starting%0A%60%60%60%0A%0A%23%23+Client+Snippet%0A%60%60%60ts%0A%2F%2F+PLEASE+FILL+YOUR+CODE+SNIPPET+HERE%0A%60%60%60%0A%0A%23%23+Schema%0A%60%60%60prisma%0A%2F%2F+PLEASE+ADD+YOUR+SCHEMA+HERE+IF+POSSIBLE%0A%60%60%60%0A%0A%23%23+Prisma+Engine+Query%0A%60%60%60%0A%0A%60%60%60%0A&title=PANIC%3A+timer+has+gone+away&template=bug_report.yml

If you want the Prisma team to look into it, please open the link above 🙏
To increase the chance of success, please post your schema and a snippet of
how you used Prisma Client in the issue. 

    at $n.handleRequestError (/home/u668392243/domains/lefri.fundacionunderlife.org/public_html/node_modules/@prisma/client/runtime/library.js:121:7676)
    at $n.handleAndLogRequestError (/home/u668392243/domains/lefri.fundacionunderlife.org/public_html/node_modules/@prisma/client/runtime/library.js:121:6623)
    at $n.request (/home/u668392243/domains/lefri.fundacionunderlife.org/public_html/node_modules/@prisma/client/runtime/library.js:121:6307)
    at async l (/home/u668392243/domains/lefri.fundacionunderlife.org/public_html/node_modules/@prisma/client/runtime/library.js:130:9633)
    at async file:///home/u668392243/domains/lefri.fundacionunderlife.org/public_html/dist/index.js:463:17
    at async executeWithRetry (file:///home/u668392243/domains/lefri.fundacionunderlife.org/public_html/dist/index.js:366:14)
    at async file:///home/u668392243/domains/lefri.fundacionunderlife.org/public_html/dist/index.js:974:16 {
  clientVersion: '5.22.0'
}
[WARN] Variables de entorno opcionales no configuradas: MONGODB_URI.
[WARN] Variables de entorno opcionales no configuradas: MONGODB_URI.
[WARN] Variables de entorno opcionales no configuradas: MONGODB_URI.

  #  /opt/alt/alt-nodejs22/root/bin/node[4008825]: std::unique_ptr<long unsigned int> node::WorkerThreadsTaskRunner::DelayedTaskScheduler::Start() at ../src/node_platform.cc:103
  #  Assertion failed: (0) == (uv_thread_create(t.get(), start_thread, this))

----- Native stack trace -----

 1: 0x7f8c11a5df20 node::Assert(node::AssertionInfo const&) [/opt/alt/alt-nodejs22/root/usr/bin/../lib/libnode.so.127]
 2: 0x7f8c11afaefc node::WorkerThreadsTaskRunner::WorkerThreadsTaskRunner(int, node::PlatformDebugLogLevel) [/opt/alt/alt-nodejs22/root/usr/bin/../lib/libnode.so.127]
 3: 0x7f8c11afc078 node::NodePlatform::NodePlatform(int, v8::TracingController*, v8::PageAllocator*) [/opt/alt/alt-nodejs22/root/usr/bin/../lib/libnode.so.127]
 4: 0x7f8c11a04870 node::V8Platform::Initialize(int) [/opt/alt/alt-nodejs22/root/usr/bin/../lib/libnode.so.127]
 5: 0x7f8c119ff058  [/opt/alt/alt-nodejs22/root/usr/bin/../lib/libnode.so.127]
 6: 0x7f8c11a0142c node::Start(int, char**) [/opt/alt/alt-nodejs22/root/usr/bin/../lib/libnode.so.127]
 7: 0x7f8c0f82a610  [/lib64/libc.so.6]
 8: 0x7f8c0f82a6c0 __libc_start_main [/lib64/libc.so.6]
 9: 0x402035 _start [/opt/alt/alt-nodejs22/root/bin/node]
[WARN] Variables de entorno opcionales no configuradas: MONGODB_URI.
[WARN] Variables de entorno opcionales no configuradas: MONGODB_URI.
[WARN] Variables de entorno opcionales no configuradas: MONGODB_URI.
[WARN] Variables de entorno opcionales no configuradas: MONGODB_URI.
[WARN] Variables de entorno opcionales no configuradas: MONGODB_URI.
